<?xml version="1.0" encoding="UTF-8"?>
<!-- Generated by org.testng.reporters.JUnitReportReporter -->
<testsuite hostname="DESKTOP-NVR78RB" failures="0" tests="4" name="test.LoginTest" time="38.066" errors="0" timestamp="2026-03-07T18:07:20 IST" skipped="0">
  <testcase classname="test.LoginTest" name="loginTest1" time="9.443"/>
  <testcase classname="test.LoginTest" name="loginTest" time="9.091"/>
  <testcase classname="test.LoginTest" name="loginTest" time="10.967"/>
  <testcase classname="test.LoginTest" name="loginTest" time="8.565"/>
</testsuite> <!-- test.LoginTest -->
