<?xml version="1.0" encoding="UTF-8"?>
<testng-results ignored="0" total="2" passed="2" failed="0" skipped="0">
  <reporter-output>
  </reporter-output>
  <suite started-at="2026-03-08T16:12:53 IST" name="Default suite" finished-at="2026-03-08T16:12:54 IST" duration-ms="1154">
    <groups>
    </groups>
    <test started-at="2026-03-08T16:12:53 IST" name="Default test" finished-at="2026-03-08T16:12:54 IST" duration-ms="1154">
      <class name="dbtest.DBTest">
        <test-method signature="validateBalance()[pri:0, instance:dbtest.DBTest@33065d67]" started-at="2026-03-08T16:12:53 IST" name="validateBalance" finished-at="2026-03-08T16:12:53 IST" duration-ms="873" status="PASS">
          <reporter-output>
          </reporter-output>
        </test-method> <!-- validateBalance -->
        <test-method signature="validateCustomerName()[pri:0, instance:dbtest.DBTest@33065d67]" started-at="2026-03-08T16:12:53 IST" name="validateCustomerName" finished-at="2026-03-08T16:12:54 IST" duration-ms="202" status="PASS">
          <reporter-output>
          </reporter-output>
        </test-method> <!-- validateCustomerName -->
      </class> <!-- dbtest.DBTest -->
    </test> <!-- Default test -->
  </suite> <!-- Default suite -->
</testng-results>
